<?xml version="1.0" encoding="UTF-8" ?>
<testsuite failures="0" time="12.662" errors="0" skipped="0" tests="2" name="fi.tikesos.rdfa.core.RDFaParserTest">
  <properties>
    <property name="java.runtime.name" value="Java(TM) SE Runtime Environment"/>
    <property name="sun.boot.library.path" value="C:\jdk\1.6\jre\bin"/>
    <property name="java.vm.version" value="17.1-b03"/>
    <property name="java.vm.vendor" value="Sun Microsystems Inc."/>
    <property name="java.vendor.url" value="http://java.sun.com/"/>
    <property name="path.separator" value=";"/>
    <property name="java.vm.name" value="Java HotSpot(TM) Client VM"/>
    <property name="file.encoding.pkg" value="sun.io"/>
    <property name="user.country" value="FI"/>
    <property name="sun.java.launcher" value="SUN_STANDARD"/>
    <property name="sun.os.patch.level" value="Service Pack 1"/>
    <property name="java.vm.specification.name" value="Java Virtual Machine Specification"/>
    <property name="user.dir" value="C:\work\devenv\workspaces\workspace-validation\rdfa-core"/>
    <property name="java.runtime.version" value="1.6.0_22-b04"/>
    <property name="java.awt.graphicsenv" value="sun.awt.Win32GraphicsEnvironment"/>
    <property name="basedir" value="C:\work\devenv\workspaces\workspace-validation\rdfa-core"/>
    <property name="java.endorsed.dirs" value="C:\jdk\1.6\jre\lib\endorsed"/>
    <property name="os.arch" value="x86"/>
    <property name="surefire.real.class.path" value="C:\work\devenv\workspaces\workspace-validation\rdfa-core\target\surefire\surefirebooter4592794336012521679.jar"/>
    <property name="java.io.tmpdir" value="C:\Users\ssakorho\AppData\Local\Temp\"/>
    <property name="line.separator" value="
"/>
    <property name="java.vm.specification.vendor" value="Sun Microsystems Inc."/>
    <property name="user.variant" value=""/>
    <property name="os.name" value="Windows 7"/>
    <property name="sun.jnu.encoding" value="Cp1252"/>
    <property name="java.library.path" value="C:\jdk\1.6\jre\bin;.;C:\WINDOWS\Sun\Java\bin;C:\WINDOWS\system32;C:\WINDOWS;C:\WINDOWS\system32;C:\WINDOWS;C:\WINDOWS\System32\Wbem;C:\WINDOWS\System32\WindowsPowerShell\v1.0\;C:\utils;c:\jdk\1.6\bin;C:\Program Files\Intel\WiFi\bin\;C:\Program Files\Common Files\Intel\WirelessCommon\"/>
    <property name="surefire.test.class.path" value="C:\work\devenv\workspaces\workspace-validation\rdfa-core\target\test-classes;C:\work\devenv\workspaces\workspace-validation\rdfa-core\target\classes;C:\Users\ssakorho\.m2\repository\junit\junit\4.8.2\junit-4.8.2.jar;C:\Users\ssakorho\.m2\repository\com\hp\hpl\jena\jena\2.6.4\jena-2.6.4.jar;C:\Users\ssakorho\.m2\repository\com\hp\hpl\jena\iri\0.8\iri-0.8.jar;C:\Users\ssakorho\.m2\repository\com\ibm\icu\icu4j\3.4.4\icu4j-3.4.4.jar;C:\Users\ssakorho\.m2\repository\org\slf4j\slf4j-api\1.5.8\slf4j-api-1.5.8.jar;C:\Users\ssakorho\.m2\repository\org\slf4j\slf4j-log4j12\1.5.8\slf4j-log4j12-1.5.8.jar;C:\Users\ssakorho\.m2\repository\log4j\log4j\1.2.13\log4j-1.2.13.jar;C:\Users\ssakorho\.m2\repository\com\hp\hpl\jena\arq\2.8.7\arq-2.8.7.jar;C:\Users\ssakorho\.m2\repository\org\codehaus\woodstox\wstx-asl\3.2.9\wstx-asl-3.2.9.jar;C:\Users\ssakorho\.m2\repository\stax\stax-api\1.0.1\stax-api-1.0.1.jar;C:\Users\ssakorho\.m2\repository\org\apache\lucene\lucene-core\2.3.1\lucene-core-2.3.1.jar;C:\Users\ssakorho\.m2\repository\xerces\xercesImpl\2.9.1\xercesImpl-2.9.1.jar;C:\Users\ssakorho\.m2\repository\xml-apis\xml-apis\1.3.04\xml-apis-1.3.04.jar;"/>
    <property name="java.specification.name" value="Java Platform API Specification"/>
    <property name="java.class.version" value="50.0"/>
    <property name="sun.management.compiler" value="HotSpot Client Compiler"/>
    <property name="os.version" value="6.1"/>
    <property name="user.home" value="C:\Users\ssakorho"/>
    <property name="user.timezone" value="Europe/Helsinki"/>
    <property name="java.awt.printerjob" value="sun.awt.windows.WPrinterJob"/>
    <property name="java.specification.version" value="1.6"/>
    <property name="file.encoding" value="Cp1252"/>
    <property name="user.name" value="ssakorho"/>
    <property name="java.class.path" value="C:\work\devenv\workspaces\workspace-validation\rdfa-core\target\test-classes;C:\work\devenv\workspaces\workspace-validation\rdfa-core\target\classes;C:\Users\ssakorho\.m2\repository\junit\junit\4.8.2\junit-4.8.2.jar;C:\Users\ssakorho\.m2\repository\com\hp\hpl\jena\jena\2.6.4\jena-2.6.4.jar;C:\Users\ssakorho\.m2\repository\com\hp\hpl\jena\iri\0.8\iri-0.8.jar;C:\Users\ssakorho\.m2\repository\com\ibm\icu\icu4j\3.4.4\icu4j-3.4.4.jar;C:\Users\ssakorho\.m2\repository\org\slf4j\slf4j-api\1.5.8\slf4j-api-1.5.8.jar;C:\Users\ssakorho\.m2\repository\org\slf4j\slf4j-log4j12\1.5.8\slf4j-log4j12-1.5.8.jar;C:\Users\ssakorho\.m2\repository\log4j\log4j\1.2.13\log4j-1.2.13.jar;C:\Users\ssakorho\.m2\repository\com\hp\hpl\jena\arq\2.8.7\arq-2.8.7.jar;C:\Users\ssakorho\.m2\repository\org\codehaus\woodstox\wstx-asl\3.2.9\wstx-asl-3.2.9.jar;C:\Users\ssakorho\.m2\repository\stax\stax-api\1.0.1\stax-api-1.0.1.jar;C:\Users\ssakorho\.m2\repository\org\apache\lucene\lucene-core\2.3.1\lucene-core-2.3.1.jar;C:\Users\ssakorho\.m2\repository\xerces\xercesImpl\2.9.1\xercesImpl-2.9.1.jar;C:\Users\ssakorho\.m2\repository\xml-apis\xml-apis\1.3.04\xml-apis-1.3.04.jar;"/>
    <property name="java.vm.specification.version" value="1.0"/>
    <property name="sun.arch.data.model" value="32"/>
    <property name="java.home" value="C:\jdk\1.6\jre"/>
    <property name="java.specification.vendor" value="Sun Microsystems Inc."/>
    <property name="user.language" value="fi"/>
    <property name="awt.toolkit" value="sun.awt.windows.WToolkit"/>
    <property name="java.vm.info" value="mixed mode, sharing"/>
    <property name="java.version" value="1.6.0_22"/>
    <property name="java.ext.dirs" value="C:\jdk\1.6\jre\lib\ext;C:\WINDOWS\Sun\Java\lib\ext"/>
    <property name="sun.boot.class.path" value="C:\jdk\1.6\jre\lib\resources.jar;C:\jdk\1.6\jre\lib\rt.jar;C:\jdk\1.6\jre\lib\sunrsasign.jar;C:\jdk\1.6\jre\lib\jsse.jar;C:\jdk\1.6\jre\lib\jce.jar;C:\jdk\1.6\jre\lib\charsets.jar;C:\jdk\1.6\jre\classes"/>
    <property name="java.vendor" value="Sun Microsystems Inc."/>
    <property name="localRepository" value="C:\Users\ssakorho\.m2\repository"/>
    <property name="file.separator" value="\"/>
    <property name="java.vendor.url.bug" value="http://java.sun.com/cgi-bin/bugreport.cgi"/>
    <property name="sun.cpu.endian" value="little"/>
    <property name="sun.io.unicode.encoding" value="UnicodeLittle"/>
    <property name="sun.desktop" value="windows"/>
    <property name="sun.cpu.isalist" value="pentium_pro+mmx pentium_pro pentium+mmx pentium i486 i386 i86"/>
  </properties>
  <testcase time="8.597" classname="fi.tikesos.rdfa.core.RDFaParserTest" name="parserTestSAX"/>
  <testcase time="3.998" classname="fi.tikesos.rdfa.core.RDFaParserTest" name="parserTestDOM"/>
</testsuite>